<?xml version="1.0" encoding="UTF-8" ?>
<testsuite 
errors="0" failures="0" hostname="netops-Latitude-5580" name="org.scalatest.tools.DiscoverySuite" tests="0" time="0.357" timestamp="2022-07-29T12:05:25">
  <properties>
    <property name="java.runtime.name" value="OpenJDK Runtime Environment"/>
    <property 
    name="sun.boot.library.path" value="/usr/lib/jvm/java-8-openjdk-amd64/jre/lib/amd64">
</property>
    <property name="java.vm.version" value="25.292-b10"/>
    <property name="java.vm.vendor" value="Private Build"/>
    <property name="java.vendor.url" value="http://java.oracle.com/"/>
    <property name="path.separator" value=":"/>
    <property name="java.vm.name" value="OpenJDK 64-Bit Server VM"/>
    <property name="file.encoding.pkg" value="sun.io"/>
    <property name="user.country" value="IN"/>
    <property name="sun.java.launcher" value="SUN_STANDARD"/>
    <property name="sun.os.patch.level" value="unknown"/>
    <property 
    name="java.vm.specification.name" value="Java Virtual Machine Specification">
</property>
    <property 
    name="user.dir" value="/home/fathima/cb-preprocessor-data-pipeline/data-pipeline-flink/cb-preprocessor">
</property>
    <property 
    name="java.runtime.version" value="1.8.0_292-8u292-b10-0ubuntu1~18.04-b10">
</property>
    <property 
    name="java.awt.graphicsenv" value="sun.awt.X11GraphicsEnvironment">
</property>
    <property 
    name="basedir" value="/home/fathima/cb-preprocessor-data-pipeline/data-pipeline-flink/cb-preprocessor">
</property>
    <property 
    name="java.endorsed.dirs" value="/usr/lib/jvm/java-8-openjdk-amd64/jre/lib/endorsed">
</property>
    <property name="os.arch" value="amd64"/>
    <property name="java.io.tmpdir" value="/tmp"/>
    <property name="line.separator" value=" "/>
    <property name="java.vm.specification.vendor" value="Oracle Corporation"/>
    <property name="os.name" value="Linux"/>
    <property name="sun.jnu.encoding" value="UTF-8"/>
    <property 
    name="java.library.path" value="/usr/java/packages/lib/amd64:/usr/lib/x86_64-linux-gnu/jni:/lib/x86_64-linux-gnu:/usr/lib/x86_64-linux-gnu:/usr/lib/jni:/lib:/usr/lib">
</property>
    <property 
    name="java.specification.name" value="Java Platform API Specification">
</property>
    <property name="java.class.version" value="52.0"/>
    <property 
    name="sun.management.compiler" value="HotSpot 64-Bit Tiered Compilers">
</property>
    <property name="os.version" value="5.4.0-81-generic"/>
    <property name="user.home" value="/home/fathima"/>
    <property name="user.timezone" value=""/>
    <property name="java.awt.printerjob" value="sun.print.PSPrinterJob"/>
    <property name="file.encoding" value="UTF-8"/>
    <property name="java.specification.version" value="1.8"/>
    <property name="user.name" value="fathima"/>
    <property 
    name="java.class.path" value="/home/fathima/cb-preprocessor-data-pipeline/data-pipeline-flink/cb-preprocessor/target/test-classes:/home/fathima/cb-preprocessor-data-pipeline/data-pipeline-flink/cb-preprocessor/target/classes:/home/fathima/.m2/repository/org/apache/flink/flink-streaming-scala_2.12/1.13.0/flink-streaming-scala_2.12-1.13.0.jar:/home/fathima/.m2/repository/org/apache/flink/flink-streaming-java_2.12/1.13.0/flink-streaming-java_2.12-1.13.0.jar:/home/fathima/.m2/repository/org/apache/flink/flink-scala_2.12/1.13.0/flink-scala_2.12-1.13.0.jar:/home/fathima/.m2/repository/org/apache/flink/flink-shaded-asm-7/7.1-13.0/flink-shaded-asm-7-7.1-13.0.jar:/home/fathima/.m2/repository/org/scala-lang/scala-reflect/2.12.7/scala-reflect-2.12.7.jar:/home/fathima/.m2/repository/org/scala-lang/scala-library/2.12.7/scala-library-2.12.7.jar:/home/fathima/.m2/repository/org/scala-lang/scala-compiler/2.12.7/scala-compiler-2.12.7.jar:/home/fathima/.m2/repository/org/slf4j/slf4j-api/1.7.15/slf4j-api-1.7.15.jar:/home/fathima/.m2/repository/com/google/code/findbugs/jsr305/1.3.9/jsr305-1.3.9.jar:/home/fathima/.m2/repository/org/apache/flink/force-shading/1.13.0/force-shading-1.13.0.jar:/home/fathima/.m2/repository/org/sunbird/dp/dp-core/1.0.0/dp-core-1.0.0.jar:/home/fathima/.m2/repository/org/apache/flink/flink-connector-kafka_2.12/1.13.0/flink-connector-kafka_2.12-1.13.0.jar:/home/fathima/.m2/repository/org/apache/flink/flink-connector-base/1.13.0/flink-connector-base-1.13.0.jar:/home/fathima/.m2/repository/org/apache/kafka/kafka-clients/2.4.1/kafka-clients-2.4.1.jar:/home/fathima/.m2/repository/com/github/luben/zstd-jni/1.4.3-1/zstd-jni-1.4.3-1.jar:/home/fathima/.m2/repository/joda-time/joda-time/2.2/joda-time-2.2.jar:/home/fathima/.m2/repository/org/apache/httpcomponents/httpclient/4.5.1/httpclient-4.5.1.jar:/home/fathima/.m2/repository/org/apache/httpcomponents/httpcore/4.4.3/httpcore-4.4.3.jar:/home/fathima/.m2/repository/commons-logging/commons-logging/1.2/commons-logging-1.2.jar:/home/fathima/.m2/repository/commons-codec/commons-codec/1.9/commons-codec-1.9.jar:/home/fathima/.m2/repository/com/google/code/gson/gson/2.4/gson-2.4.jar:/home/fathima/.m2/repository/com/fasterxml/jackson/core/jackson-databind/2.10.0/jackson-databind-2.10.0.jar:/home/fathima/.m2/repository/com/fasterxml/jackson/core/jackson-annotations/2.10.0/jackson-annotations-2.10.0.jar:/home/fathima/.m2/repository/com/fasterxml/jackson/core/jackson-core/2.10.0/jackson-core-2.10.0.jar:/home/fathima/.m2/repository/redis/clients/jedis/2.9.0/jedis-2.9.0.jar:/home/fathima/.m2/repository/org/apache/commons/commons-pool2/2.4.2/commons-pool2-2.4.2.jar:/home/fathima/.m2/repository/com/datastax/cassandra/cassandra-driver-core/3.7.0/cassandra-driver-core-3.7.0.jar:/home/fathima/.m2/repository/io/netty/netty-handler/4.0.56.Final/netty-handler-4.0.56.Final.jar:/home/fathima/.m2/repository/io/netty/netty-buffer/4.0.56.Final/netty-buffer-4.0.56.Final.jar:/home/fathima/.m2/repository/io/netty/netty-common/4.0.56.Final/netty-common-4.0.56.Final.jar:/home/fathima/.m2/repository/io/netty/netty-transport/4.0.56.Final/netty-transport-4.0.56.Final.jar:/home/fathima/.m2/repository/io/netty/netty-codec/4.0.56.Final/netty-codec-4.0.56.Final.jar:/home/fathima/.m2/repository/io/dropwizard/metrics/metrics-core/3.2.2/metrics-core-3.2.2.jar:/home/fathima/.m2/repository/com/github/jnr/jnr-ffi/2.1.7/jnr-ffi-2.1.7.jar:/home/fathima/.m2/repository/com/github/jnr/jffi/1.2.16/jffi-1.2.16.jar:/home/fathima/.m2/repository/com/github/jnr/jffi/1.2.16/jffi-1.2.16-native.jar:/home/fathima/.m2/repository/org/ow2/asm/asm/5.0.3/asm-5.0.3.jar:/home/fathima/.m2/repository/org/ow2/asm/asm-commons/5.0.3/asm-commons-5.0.3.jar:/home/fathima/.m2/repository/org/ow2/asm/asm-analysis/5.0.3/asm-analysis-5.0.3.jar:/home/fathima/.m2/repository/org/ow2/asm/asm-tree/5.0.3/asm-tree-5.0.3.jar:/home/fathima/.m2/repository/org/ow2/asm/asm-util/5.0.3/asm-util-5.0.3.jar:/home/fathima/.m2/repository/com/github/jnr/jnr-x86asm/1.0.2/jnr-x86asm-1.0.2.jar:/home/fathima/.m2/repository/com/github/jnr/jnr-posix/3.0.44/jnr-posix-3.0.44.jar:/home/fathima/.m2/repository/com/github/jnr/jnr-constants/0.9.9/jnr-constants-0.9.9.jar:/home/fathima/.m2/repository/postgresql/postgresql/9.1-901.jdbc4/postgresql-9.1-901.jdbc4.jar:/home/fathima/.m2/repository/com/github/java-json-tools/json-schema-validator/2.2.8/json-schema-validator-2.2.8.jar:/home/fathima/.m2/repository/com/github/java-json-tools/json-schema-core/1.2.8/json-schema-core-1.2.8.jar:/home/fathima/.m2/repository/org/mozilla/rhino/1.7R4/rhino-1.7R4.jar:/home/fathima/.m2/repository/com/github/fge/jackson-coreutils/1.8/jackson-coreutils-1.8.jar:/home/fathima/.m2/repository/com/github/fge/msg-simple/1.1/msg-simple-1.1.jar:/home/fathima/.m2/repository/com/github/fge/btf/1.2/btf-1.2.jar:/home/fathima/.m2/repository/com/github/fge/uri-template/0.9/uri-template-0.9.jar:/home/fathima/.m2/repository/javax/mail/mailapi/1.4.3/mailapi-1.4.3.jar:/home/fathima/.m2/repository/javax/activation/activation/1.1/activation-1.1.jar:/home/fathima/.m2/repository/com/googlecode/libphonenumber/libphonenumber/8.0.0/libphonenumber-8.0.0.jar:/home/fathima/.m2/repository/net/sf/jopt-simple/jopt-simple/5.0.3/jopt-simple-5.0.3.jar:/home/fathima/.m2/repository/org/apache/commons/commons-lang3/3.9/commons-lang3-3.9.jar:/home/fathima/.m2/repository/io/github/classgraph/classgraph/4.8.90/classgraph-4.8.90.jar:/home/fathima/.m2/repository/org/sunbird/dp/dp-core/1.0.0/dp-core-1.0.0-tests.jar:/home/fathima/.m2/repository/org/mockito/mockito-core/3.3.3/mockito-core-3.3.3.jar:/home/fathima/.m2/repository/net/bytebuddy/byte-buddy/1.10.5/byte-buddy-1.10.5.jar:/home/fathima/.m2/repository/net/bytebuddy/byte-buddy-agent/1.10.5/byte-buddy-agent-1.10.5.jar:/home/fathima/.m2/repository/org/objenesis/objenesis/2.6/objenesis-2.6.jar:/home/fathima/.m2/repository/org/apache/flink/flink-test-utils_2.12/1.13.0/flink-test-utils_2.12-1.13.0.jar:/home/fathima/.m2/repository/org/apache/flink/flink-test-utils-junit/1.13.0/flink-test-utils-junit-1.13.0.jar:/home/fathima/.m2/repository/org/apache/logging/log4j/log4j-slf4j-impl/2.12.1/log4j-slf4j-impl-2.12.1.jar:/home/fathima/.m2/repository/org/apache/logging/log4j/log4j-api/2.12.1/log4j-api-2.12.1.jar:/home/fathima/.m2/repository/org/apache/logging/log4j/log4j-core/2.12.1/log4j-core-2.12.1.jar:/home/fathima/.m2/repository/org/apache/flink/flink-runtime_2.12/1.13.0/flink-runtime_2.12-1.13.0.jar:/home/fathima/.m2/repository/org/apache/flink/flink-clients_2.12/1.13.0/flink-clients_2.12-1.13.0.jar:/home/fathima/.m2/repository/org/apache/flink/flink-optimizer_2.12/1.13.0/flink-optimizer_2.12-1.13.0.jar:/home/fathima/.m2/repository/junit/junit/4.12/junit-4.12.jar:/home/fathima/.m2/repository/org/hamcrest/hamcrest-core/1.3/hamcrest-core-1.3.jar:/home/fathima/.m2/repository/org/apache/curator/curator-test/2.12.0/curator-test-2.12.0.jar:/home/fathima/.m2/repository/org/apache/zookeeper/zookeeper/3.4.8/zookeeper-3.4.8.jar:/home/fathima/.m2/repository/log4j/log4j/1.2.16/log4j-1.2.16.jar:/home/fathima/.m2/repository/jline/jline/0.9.94/jline-0.9.94.jar:/home/fathima/.m2/repository/io/netty/netty/3.7.0.Final/netty-3.7.0.Final.jar:/home/fathima/.m2/repository/org/apache/flink/flink-runtime_2.12/1.13.0/flink-runtime_2.12-1.13.0-tests.jar:/home/fathima/.m2/repository/org/apache/flink/flink-core/1.13.0/flink-core-1.13.0.jar:/home/fathima/.m2/repository/org/apache/flink/flink-annotations/1.13.0/flink-annotations-1.13.0.jar:/home/fathima/.m2/repository/org/apache/flink/flink-metrics-core/1.13.0/flink-metrics-core-1.13.0.jar:/home/fathima/.m2/repository/com/esotericsoftware/kryo/kryo/2.24.0/kryo-2.24.0.jar:/home/fathima/.m2/repository/com/esotericsoftware/minlog/minlog/1.2/minlog-1.2.jar:/home/fathima/.m2/repository/commons-collections/commons-collections/3.2.2/commons-collections-3.2.2.jar:/home/fathima/.m2/repository/org/apache/commons/commons-compress/1.20/commons-compress-1.20.jar:/home/fathima/.m2/repository/org/apache/flink/flink-java/1.13.0/flink-java-1.13.0.jar:/home/fathima/.m2/repository/org/apache/flink/flink-queryable-state-client-java/1.13.0/flink-queryable-state-client-java-1.13.0.jar:/home/fathima/.m2/repository/org/apache/flink/flink-hadoop-fs/1.13.0/flink-hadoop-fs-1.13.0.jar:/home/fathima/.m2/repository/commons-io/commons-io/2.7/commons-io-2.7.jar:/home/fathima/.m2/repository/org/apache/flink/flink-shaded-netty/4.1.49.Final-13.0/flink-shaded-netty-4.1.49.Final-13.0.jar:/home/fathima/.m2/repository/org/apache/flink/flink-shaded-guava/18.0-13.0/flink-shaded-guava-18.0-13.0.jar:/home/fathima/.m2/repository/org/apache/flink/flink-shaded-jackson/2.12.1-13.0/flink-shaded-jackson-2.12.1-13.0.jar:/home/fathima/.m2/repository/org/apache/flink/flink-shaded-zookeeper-3/3.4.14-13.0/flink-shaded-zookeeper-3-3.4.14-13.0.jar:/home/fathima/.m2/repository/commons-cli/commons-cli/1.3.1/commons-cli-1.3.1.jar:/home/fathima/.m2/repository/org/javassist/javassist/3.24.0-GA/javassist-3.24.0-GA.jar:/home/fathima/.m2/repository/com/typesafe/akka/akka-actor_2.12/2.5.21/akka-actor_2.12-2.5.21.jar:/home/fathima/.m2/repository/com/typesafe/config/1.3.3/config-1.3.3.jar:/home/fathima/.m2/repository/org/scala-lang/modules/scala-java8-compat_2.12/0.8.0/scala-java8-compat_2.12-0.8.0.jar:/home/fathima/.m2/repository/com/typesafe/akka/akka-stream_2.12/2.5.21/akka-stream_2.12-2.5.21.jar:/home/fathima/.m2/repository/org/reactivestreams/reactive-streams/1.0.2/reactive-streams-1.0.2.jar:/home/fathima/.m2/repository/com/typesafe/ssl-config-core_2.12/0.3.7/ssl-config-core_2.12-0.3.7.jar:/home/fathima/.m2/repository/org/scala-lang/modules/scala-parser-combinators_2.12/1.1.1/scala-parser-combinators_2.12-1.1.1.jar:/home/fathima/.m2/repository/com/typesafe/akka/akka-protobuf_2.12/2.5.21/akka-protobuf_2.12-2.5.21.jar:/home/fathima/.m2/repository/com/typesafe/akka/akka-slf4j_2.12/2.5.21/akka-slf4j_2.12-2.5.21.jar:/home/fathima/.m2/repository/org/clapper/grizzled-slf4j_2.12/1.3.2/grizzled-slf4j_2.12-1.3.2.jar:/home/fathima/.m2/repository/com/github/scopt/scopt_2.12/3.5.0/scopt_2.12-3.5.0.jar:/home/fathima/.m2/repository/org/xerial/snappy/snappy-java/1.1.8.3/snappy-java-1.1.8.3.jar:/home/fathima/.m2/repository/com/twitter/chill_2.12/0.7.6/chill_2.12-0.7.6.jar:/home/fathima/.m2/repository/com/twitter/chill-java/0.7.6/chill-java-0.7.6.jar:/home/fathima/.m2/repository/org/lz4/lz4-java/1.6.0/lz4-java-1.6.0.jar:/home/fathima/.m2/repository/it/ozimov/embedded-redis/0.7.1/embedded-redis-0.7.1.jar:/home/fathima/.m2/repository/com/google/guava/guava/21.0/guava-21.0.jar:/home/fathima/.m2/repository/org/apache/flink/flink-streaming-java_2.12/1.13.0/flink-streaming-java_2.12-1.13.0-tests.jar:/home/fathima/.m2/repository/org/apache/flink/flink-file-sink-common/1.13.0/flink-file-sink-common-1.13.0.jar:/home/fathima/.m2/repository/org/apache/commons/commons-math3/3.5/commons-math3-3.5.jar:/home/fathima/.m2/repository/org/scalatest/scalatest_2.12/3.0.6/scalatest_2.12-3.0.6.jar:/home/fathima/.m2/repository/org/scalactic/scalactic_2.12/3.0.6/scalactic_2.12-3.0.6.jar:/home/fathima/.m2/repository/org/scala-lang/modules/scala-xml_2.12/1.1.0/scala-xml_2.12-1.1.0.jar:/home/fathima/.m2/repository/com/fiftyonred/mock-jedis/0.4.0/mock-jedis-0.4.0.jar">
</property>
    <property name="java.vm.specification.version" value="1.8"/>
    <property name="sun.arch.data.model" value="64"/>
    <property name="java.home" value="/usr/lib/jvm/java-8-openjdk-amd64/jre"/>
    <property 
    name="sun.java.command" value="org.scalatest.tools.Runner -R /home/fathima/cb-preprocessor-data-pipeline/data-pipeline-flink/cb-preprocessor/target/classes /home/fathima/cb-preprocessor-data-pipeline/data-pipeline-flink/cb-preprocessor/target/test-classes -o -f /home/fathima/cb-preprocessor-data-pipeline/data-pipeline-flink/cb-preprocessor/target/surefire-reports/dp-duplication-testsuite.txt -u /home/fathima/cb-preprocessor-data-pipeline/data-pipeline-flink/cb-preprocessor/target/surefire-reports/.">
</property>
    <property name="java.specification.vendor" value="Oracle Corporation"/>
    <property name="user.language" value="en"/>
    <property name="awt.toolkit" value="sun.awt.X11.XToolkit"/>
    <property name="java.vm.info" value="mixed mode"/>
    <property name="java.version" value="1.8.0_292"/>
    <property 
    name="java.ext.dirs" value="/usr/lib/jvm/java-8-openjdk-amd64/jre/lib/ext:/usr/java/packages/lib/ext">
</property>
    <property 
    name="sun.boot.class.path" value="/usr/lib/jvm/java-8-openjdk-amd64/jre/lib/resources.jar:/usr/lib/jvm/java-8-openjdk-amd64/jre/lib/rt.jar:/usr/lib/jvm/java-8-openjdk-amd64/jre/lib/sunrsasign.jar:/usr/lib/jvm/java-8-openjdk-amd64/jre/lib/jsse.jar:/usr/lib/jvm/java-8-openjdk-amd64/jre/lib/jce.jar:/usr/lib/jvm/java-8-openjdk-amd64/jre/lib/charsets.jar:/usr/lib/jvm/java-8-openjdk-amd64/jre/lib/jfr.jar:/usr/lib/jvm/java-8-openjdk-amd64/jre/classes">
</property>
    <property name="java.vendor" value="Private Build"/>
    <property name="file.separator" value="/"/>
    <property 
    name="java.vendor.url.bug" value="http://bugreport.sun.com/bugreport/">
</property>
    <property name="sun.cpu.endian" value="little"/>
    <property name="sun.io.unicode.encoding" value="UnicodeLittle"/>
    <property name="sun.desktop" value="gnome"/>
    <property name="sun.cpu.isalist" value=""/>
  </properties>
  <system-out><![CDATA[]]></system-out>
  <system-err><![CDATA[]]></system-err>
</testsuite>
